# JRE version: OpenJDK Runtime Environment (8.0_202) (build 1.8.0_202-release-1483-b49-5587405)
# Java VM: OpenJDK 64-Bit Server VM (25.202-b49-5587405 mixed mode linux-amd64 compressed oops)
Heap:
 PSYoungGen      total 337920K, used 0K [0x00000000e0000000, 0x00000000fd300000, 0x0000000100000000)
  eden space 284672K, 0% used [0x00000000e0000000,0x00000000e0000000,0x00000000f1600000)
  from space 53248K, 0% used [0x00000000f1600000,0x00000000f1600000,0x00000000f4a00000)
  to   space 72704K, 0% used [0x00000000f8c00000,0x00000000f8c00000,0x00000000fd300000)
 ParOldGen       total 112128K, used 107918K [0x00000000a0000000, 0x00000000a6d80000, 0x00000000e0000000)
  object space 112128K, 96% used [0x00000000a0000000,0x00000000a6963b08,0x00000000a6d80000)
 Metaspace       used 85657K, capacity 89054K, committed 89560K, reserved 1126400K
  class space    used 11061K, capacity 11692K, committed 11776K, reserved 1048576K
GC Heap History (10 events):
Event: 1050,817 GC heap after
Heap after GC invocations=18 (full 3):
 PSYoungGen      total 300032K, used 26018K [0x00000000e0000000, 0x00000000f7f80000, 0x0000000100000000)
  eden space 265728K, 0% used [0x00000000e0000000,0x00000000e0000000,0x00000000f0380000)
  from space 34304K, 75% used [0x00000000f0380000,0x00000000f1ce8978,0x00000000f2500000)
  to   space 36864K, 0% used [0x00000000f5b80000,0x00000000f5b80000,0x00000000f7f80000)
 ParOldGen       total 112128K, used 57236K [0x00000000a0000000, 0x00000000a6d80000, 0x00000000e0000000)
  object space 112128K, 51% used [0x00000000a0000000,0x00000000a37e50e8,0x00000000a6d80000)
 Metaspace       used 76746K, capacity 79534K, committed 79832K, reserved 1118208K
  class space    used 10065K, capacity 10643K, committed 10752K, reserved 1048576K
}
Event: 1995,679 GC heap before
{Heap before GC invocations=19 (full 3):
 PSYoungGen      total 300032K, used 291746K [0x00000000e0000000, 0x00000000f7f80000, 0x0000000100000000)
  eden space 265728K, 100% used [0x00000000e0000000,0x00000000f0380000,0x00000000f0380000)
  from space 34304K, 75% used [0x00000000f0380000,0x00000000f1ce8978,0x00000000f2500000)
  to   space 36864K, 0% used [0x00000000f5b80000,0x00000000f5b80000,0x00000000f7f80000)
 ParOldGen       total 112128K, used 57236K [0x00000000a0000000, 0x00000000a6d80000, 0x00000000e0000000)
  object space 112128K, 51% used [0x00000000a0000000,0x00000000a37e50e8,0x00000000a6d80000)
 Metaspace       used 77187K, capacity 80162K, committed 80344K, reserved 1118208K
  class space    used 10084K, capacity 10671K, committed 10752K, reserved 1048576K
Event: 1995,732 GC heap after
Heap after GC invocations=19 (full 3):
 PSYoungGen      total 343552K, used 31394K [0x00000000e0000000, 0x00000000f7d00000, 0x0000000100000000)
  eden space 309248K, 0% used [0x00000000e0000000,0x00000000e0000000,0x00000000f2e00000)
  from space 34304K, 91% used [0x00000000f5b80000,0x00000000f7a289a8,0x00000000f7d00000)
  to   space 40448K, 0% used [0x00000000f2e00000,0x00000000f2e00000,0x00000000f5580000)
 ParOldGen       total 112128K, used 57244K [0x00000000a0000000, 0x00000000a6d80000, 0x00000000e0000000)
  object space 112128K, 51% used [0x00000000a0000000,0x00000000a37e70e8,0x00000000a6d80000)
 Metaspace       used 77187K, capacity 80162K, committed 80344K, reserved 1118208K
  class space    used 10084K, capacity 10671K, committed 10752K, reserved 1048576K
}
Event: 2111,543 GC heap before
{Heap before GC invocations=20 (full 3):
 PSYoungGen      total 343552K, used 340642K [0x00000000e0000000, 0x00000000f7d00000, 0x0000000100000000)
  eden space 309248K, 100% used [0x00000000e0000000,0x00000000f2e00000,0x00000000f2e00000)
  from space 34304K, 91% used [0x00000000f5b80000,0x00000000f7a289a8,0x00000000f7d00000)
  to   space 40448K, 0% used [0x00000000f2e00000,0x00000000f2e00000,0x00000000f5580000)
 ParOldGen       total 112128K, used 57244K [0x00000000a0000000, 0x00000000a6d80000, 0x00000000e0000000)
  object space 112128K, 51% used [0x00000000a0000000,0x00000000a37e70e8,0x00000000a6d80000)
 Metaspace       used 77479K, capacity 80508K, committed 80600K, reserved 1120256K
  class space    used 10098K, capacity 10696K, committed 10752K, reserved 1048576K
Event: 2111,591 GC heap after
Heap after GC invocations=20 (full 3):
 PSYoungGen      total 321536K, used 24435K [0x00000000e0000000, 0x00000000f7200000, 0x0000000100000000)
  eden space 296960K, 0% used [0x00000000e0000000,0x00000000e0000000,0x00000000f2200000)
  from space 24576K, 99% used [0x00000000f2e00000,0x00000000f45dceb0,0x00000000f4600000)
  to   space 40960K, 0% used [0x00000000f4a00000,0x00000000f4a00000,0x00000000f7200000)
 ParOldGen       total 112128K, used 57252K [0x00000000a0000000, 0x00000000a6d80000, 0x00000000e0000000)
  object space 112128K, 51% used [0x00000000a0000000,0x00000000a37e90e8,0x00000000a6d80000)
 Metaspace       used 77479K, capacity 80508K, committed 80600K, reserved 1120256K
  class space    used 10098K, capacity 10696K, committed 10752K, reserved 1048576K
}
Event: 2144,467 GC heap before
{Heap before GC invocations=21 (full 3):
 PSYoungGen      total 321536K, used 321395K [0x00000000e0000000, 0x00000000f7200000, 0x0000000100000000)
  eden space 296960K, 100% used [0x00000000e0000000,0x00000000f2200000,0x00000000f2200000)
  from space 24576K, 99% used [0x00000000f2e00000,0x00000000f45dceb0,0x00000000f4600000)
  to   space 40960K, 0% used [0x00000000f4a00000,0x00000000f4a00000,0x00000000f7200000)
 ParOldGen       total 112128K, used 57252K [0x00000000a0000000, 0x00000000a6d80000, 0x00000000e0000000)
  object space 112128K, 51% used [0x00000000a0000000,0x00000000a37e90e8,0x00000000a6d80000)
 Metaspace       used 83540K, capacity 86924K, committed 87000K, reserved 1124352K
  class space    used 10792K, capacity 11478K, committed 11520K, reserved 1048576K
Event: 2144,596 GC heap after
Heap after GC invocations=21 (full 3):
 PSYoungGen      total 325632K, used 40930K [0x00000000e0000000, 0x00000000f7e80000, 0x0000000100000000)
  eden space 284672K, 0% used [0x00000000e0000000,0x00000000e0000000,0x00000000f1600000)
  from space 40960K, 99% used [0x00000000f4a00000,0x00000000f71f8890,0x00000000f7200000)
  to   space 53248K, 0% used [0x00000000f1600000,0x00000000f1600000,0x00000000f4a00000)
 ParOldGen       total 112128K, used 74401K [0x00000000a0000000, 0x00000000a6d80000, 0x00000000e0000000)
  object space 112128K, 66% used [0x00000000a0000000,0x00000000a48a84e0,0x00000000a6d80000)
 Metaspace       used 83540K, capacity 86924K, committed 87000K, reserved 1124352K
  class space    used 10792K, capacity 11478K, committed 11520K, reserved 1048576K
}
Event: 2146,575 GC heap before
{Heap before GC invocations=22 (full 3):
 PSYoungGen      total 325632K, used 325602K [0x00000000e0000000, 0x00000000f7e80000, 0x0000000100000000)
  eden space 284672K, 100% used [0x00000000e0000000,0x00000000f1600000,0x00000000f1600000)
  from space 40960K, 99% used [0x00000000f4a00000,0x00000000f71f8890,0x00000000f7200000)
  to   space 53248K, 0% used [0x00000000f1600000,0x00000000f1600000,0x00000000f4a00000)
 ParOldGen       total 112128K, used 74411K [0x00000000a0000000, 0x00000000a6d80000, 0x00000000e0000000)
  object space 112128K, 66% used [0x00000000a0000000,0x00000000a48aae18,0x00000000a6d80000)
 Metaspace       used 85827K, capacity 89370K, committed 89560K, reserved 1126400K
  class space    used 11096K, capacity 11759K, committed 11776K, reserved 1048576K
Event: 2146,717 GC heap after
Heap after GC invocations=22 (full 3):
 PSYoungGen      total 337920K, used 53241K [0x00000000e0000000, 0x00000000fd300000, 0x0000000100000000)
  eden space 284672K, 0% used [0x00000000e0000000,0x00000000e0000000,0x00000000f1600000)
  from space 53248K, 99% used [0x00000000f1600000,0x00000000f49fe6b0,0x00000000f4a00000)
  to   space 72704K, 0% used [0x00000000f8c00000,0x00000000f8c00000,0x00000000fd300000)
 ParOldGen       total 112128K, used 103721K [0x00000000a0000000, 0x00000000a6d80000, 0x00000000e0000000)
  object space 112128K, 92% used [0x00000000a0000000,0x00000000a654a4e8,0x00000000a6d80000)
 Metaspace       used 85827K, capacity 89370K, committed 89560K, reserved 1126400K
  class space    used 11096K, capacity 11759K, committed 11776K, reserved 1048576K
}
Event: 2146,717 GC heap before
{Heap before GC invocations=23 (full 4):
 PSYoungGen      total 337920K, used 53241K [0x00000000e0000000, 0x00000000fd300000, 0x0000000100000000)
  eden space 284672K, 0% used [0x00000000e0000000,0x00000000e0000000,0x00000000f1600000)
  from space 53248K, 99% used [0x00000000f1600000,0x00000000f49fe6b0,0x00000000f4a00000)
  to   space 72704K, 0% used [0x00000000f8c00000,0x00000000f8c00000,0x00000000fd300000)
 ParOldGen       total 112128K, used 103721K [0x00000000a0000000, 0x00000000a6d80000, 0x00000000e0000000)
  object space 112128K, 92% used [0x00000000a0000000,0x00000000a654a4e8,0x00000000a6d80000)
 Metaspace       used 85827K, capacity 89370K, committed 89560K, reserved 1126400K
  class space    used 11096K, capacity 11759K, committed 11776K, reserved 1048576K

