# JRE version: OpenJDK Runtime Environment (8.0_202) (build 1.8.0_202-release-1483-b49-5587405)
# Java VM: OpenJDK 64-Bit Server VM (25.202-b49-5587405 mixed mode linux-amd64 compressed oops)
Heap:
 PSYoungGen      total 397312K, used 0K [0x00000000e0000000, 0x00000000faf80000, 0x0000000100000000)
  eden space 360960K, 0% used [0x00000000e0000000,0x00000000e0000000,0x00000000f6080000)
  from space 36352K, 0% used [0x00000000f8580000,0x00000000f8580000,0x00000000fa900000)
  to   space 37888K, 21% used [0x00000000f6080000,0x00000000f6847d10,0x00000000f8580000)
 ParOldGen       total 129536K, used 129271K [0x00000000a0000000, 0x00000000a7e80000, 0x00000000e0000000)
  object space 129536K, 99% used [0x00000000a0000000,0x00000000a7e3df88,0x00000000a7e80000)
 Metaspace       used 99892K, capacity 106916K, committed 107224K, reserved 1142784K
  class space    used 12595K, capacity 13740K, committed 13824K, reserved 1048576K
GC Heap History (10 events):
Event: 8033,601 GC heap after
Heap after GC invocations=96 (full 5):
 PSYoungGen      total 328192K, used 21867K [0x00000000e0000000, 0x00000000f8580000, 0x0000000100000000)
  eden space 288768K, 0% used [0x00000000e0000000,0x00000000e0000000,0x00000000f1a00000)
  from space 39424K, 55% used [0x00000000f1a00000,0x00000000f2f5af60,0x00000000f4080000)
  to   space 37376K, 0% used [0x00000000f6100000,0x00000000f6100000,0x00000000f8580000)
 ParOldGen       total 122880K, used 76920K [0x00000000a0000000, 0x00000000a7800000, 0x00000000e0000000)
  object space 122880K, 62% used [0x00000000a0000000,0x00000000a4b1e018,0x00000000a7800000)
 Metaspace       used 99822K, capacity 106928K, committed 107224K, reserved 1142784K
  class space    used 12601K, capacity 13756K, committed 13824K, reserved 1048576K
}
Event: 8034,972 GC heap before
{Heap before GC invocations=97 (full 5):
 PSYoungGen      total 328192K, used 310635K [0x00000000e0000000, 0x00000000f8580000, 0x0000000100000000)
  eden space 288768K, 100% used [0x00000000e0000000,0x00000000f1a00000,0x00000000f1a00000)
  from space 39424K, 55% used [0x00000000f1a00000,0x00000000f2f5af60,0x00000000f4080000)
  to   space 37376K, 0% used [0x00000000f6100000,0x00000000f6100000,0x00000000f8580000)
 ParOldGen       total 122880K, used 76920K [0x00000000a0000000, 0x00000000a7800000, 0x00000000e0000000)
  object space 122880K, 62% used [0x00000000a0000000,0x00000000a4b1e018,0x00000000a7800000)
 Metaspace       used 99828K, capacity 106928K, committed 107224K, reserved 1142784K
  class space    used 12601K, capacity 13756K, committed 13824K, reserved 1048576K
Event: 8035,060 GC heap after
Heap after GC invocations=97 (full 5):
 PSYoungGen      total 361472K, used 17170K [0x00000000e0000000, 0x00000000f8500000, 0x0000000100000000)
  eden space 324608K, 0% used [0x00000000e0000000,0x00000000e0000000,0x00000000f3d00000)
  from space 36864K, 46% used [0x00000000f6100000,0x00000000f71c4a00,0x00000000f8500000)
  to   space 36864K, 0% used [0x00000000f3d00000,0x00000000f3d00000,0x00000000f6100000)
 ParOldGen       total 122880K, used 83243K [0x00000000a0000000, 0x00000000a7800000, 0x00000000e0000000)
  object space 122880K, 67% used [0x00000000a0000000,0x00000000a514afd8,0x00000000a7800000)
 Metaspace       used 99828K, capacity 106928K, committed 107224K, reserved 1142784K
  class space    used 12601K, capacity 13756K, committed 13824K, reserved 1048576K
}
Event: 8036,331 GC heap before
{Heap before GC invocations=98 (full 5):
 PSYoungGen      total 361472K, used 341778K [0x00000000e0000000, 0x00000000f8500000, 0x0000000100000000)
  eden space 324608K, 100% used [0x00000000e0000000,0x00000000f3d00000,0x00000000f3d00000)
  from space 36864K, 46% used [0x00000000f6100000,0x00000000f71c4a00,0x00000000f8500000)
  to   space 36864K, 0% used [0x00000000f3d00000,0x00000000f3d00000,0x00000000f6100000)
 ParOldGen       total 122880K, used 83243K [0x00000000a0000000, 0x00000000a7800000, 0x00000000e0000000)
  object space 122880K, 67% used [0x00000000a0000000,0x00000000a514afd8,0x00000000a7800000)
 Metaspace       used 99838K, capacity 106928K, committed 107224K, reserved 1142784K
  class space    used 12601K, capacity 13756K, committed 13824K, reserved 1048576K
Event: 8036,359 GC heap after
Heap after GC invocations=98 (full 5):
 PSYoungGen      total 361472K, used 14872K [0x00000000e0000000, 0x00000000fa900000, 0x0000000100000000)
  eden space 324608K, 0% used [0x00000000e0000000,0x00000000e0000000,0x00000000f3d00000)
  from space 36864K, 40% used [0x00000000f3d00000,0x00000000f4b86120,0x00000000f6100000)
  to   space 36352K, 0% used [0x00000000f8580000,0x00000000f8580000,0x00000000fa900000)
 ParOldGen       total 122880K, used 88848K [0x00000000a0000000, 0x00000000a7800000, 0x00000000e0000000)
  object space 122880K, 72% used [0x00000000a0000000,0x00000000a56c4280,0x00000000a7800000)
 Metaspace       used 99838K, capacity 106928K, committed 107224K, reserved 1142784K
  class space    used 12601K, capacity 13756K, committed 13824K, reserved 1048576K
}
Event: 8037,527 GC heap before
{Heap before GC invocations=99 (full 5):
 PSYoungGen      total 361472K, used 339480K [0x00000000e0000000, 0x00000000fa900000, 0x0000000100000000)
  eden space 324608K, 100% used [0x00000000e0000000,0x00000000f3d00000,0x00000000f3d00000)
  from space 36864K, 40% used [0x00000000f3d00000,0x00000000f4b86120,0x00000000f6100000)
  to   space 36352K, 0% used [0x00000000f8580000,0x00000000f8580000,0x00000000fa900000)
 ParOldGen       total 122880K, used 88848K [0x00000000a0000000, 0x00000000a7800000, 0x00000000e0000000)
  object space 122880K, 72% used [0x00000000a0000000,0x00000000a56c4280,0x00000000a7800000)
 Metaspace       used 99892K, capacity 106992K, committed 107224K, reserved 1142784K
  class space    used 12601K, capacity 13756K, committed 13824K, reserved 1048576K
Event: 8037,643 GC heap after
Heap after GC invocations=99 (full 5):
 PSYoungGen      total 397312K, used 28376K [0x00000000e0000000, 0x00000000faf80000, 0x0000000100000000)
  eden space 360960K, 0% used [0x00000000e0000000,0x00000000e0000000,0x00000000f6080000)
  from space 36352K, 78% used [0x00000000f8580000,0x00000000fa136348,0x00000000fa900000)
  to   space 37888K, 0% used [0x00000000f6080000,0x00000000f6080000,0x00000000f8580000)
 ParOldGen       total 122880K, used 92394K [0x00000000a0000000, 0x00000000a7800000, 0x00000000e0000000)
  object space 122880K, 75% used [0x00000000a0000000,0x00000000a5a3a9d8,0x00000000a7800000)
 Metaspace       used 99892K, capacity 106992K, committed 107224K, reserved 1142784K
  class space    used 12601K, capacity 13756K, committed 13824K, reserved 1048576K
}
Event: 8039,057 GC heap before
{Heap before GC invocations=100 (full 5):
 PSYoungGen      total 397312K, used 389336K [0x00000000e0000000, 0x00000000faf80000, 0x0000000100000000)
  eden space 360960K, 100% used [0x00000000e0000000,0x00000000f6080000,0x00000000f6080000)
  from space 36352K, 78% used [0x00000000f8580000,0x00000000fa136348,0x00000000fa900000)
  to   space 37888K, 0% used [0x00000000f6080000,0x00000000f6080000,0x00000000f8580000)
 ParOldGen       total 122880K, used 92394K [0x00000000a0000000, 0x00000000a7800000, 0x00000000e0000000)
  object space 122880K, 75% used [0x00000000a0000000,0x00000000a5a3a9d8,0x00000000a7800000)
 Metaspace       used 99935K, capacity 106992K, committed 107224K, reserved 1142784K
  class space    used 12603K, capacity 13756K, committed 13824K, reserved 1048576K
Event: 8039,447 GC heap after
Heap after GC invocations=100 (full 5):
 PSYoungGen      total 397312K, used 389336K [0x00000000e0000000, 0x00000000faf80000, 0x0000000100000000)
  eden space 360960K, 100% used [0x00000000e0000000,0x00000000f6080000,0x00000000f6080000)
  from space 36352K, 78% used [0x00000000f8580000,0x00000000fa136348,0x00000000fa900000)
  to   space 37888K, 99% used [0x00000000f6080000,0x00000000f857f7f0,0x00000000f8580000)
 ParOldGen       total 129536K, used 129255K [0x00000000a0000000, 0x00000000a7e80000, 0x00000000e0000000)
  object space 129536K, 99% used [0x00000000a0000000,0x00000000a7e39ec8,0x00000000a7e80000)
 Metaspace       used 99935K, capacity 106992K, committed 107224K, reserved 1142784K
  class space    used 12603K, capacity 13756K, committed 13824K, reserved 1048576K
}
Event: 8039,447 GC heap before
{Heap before GC invocations=101 (full 6):
 PSYoungGen      total 397312K, used 389336K [0x00000000e0000000, 0x00000000faf80000, 0x0000000100000000)
  eden space 360960K, 100% used [0x00000000e0000000,0x00000000f6080000,0x00000000f6080000)
  from space 36352K, 78% used [0x00000000f8580000,0x00000000fa136348,0x00000000fa900000)
  to   space 37888K, 99% used [0x00000000f6080000,0x00000000f857f7f0,0x00000000f8580000)
 ParOldGen       total 129536K, used 129255K [0x00000000a0000000, 0x00000000a7e80000, 0x00000000e0000000)
  object space 129536K, 99% used [0x00000000a0000000,0x00000000a7e39ec8,0x00000000a7e80000)
 Metaspace       used 99935K, capacity 106992K, committed 107224K, reserved 1142784K
  class space    used 12603K, capacity 13756K, committed 13824K, reserved 1048576K

