# JRE version: OpenJDK Runtime Environment (8.0_202) (build 1.8.0_202-release-1483-b49-5587405)
# Java VM: OpenJDK 64-Bit Server VM (25.202-b49-5587405 mixed mode linux-amd64 compressed oops)
Heap:
 PSYoungGen      total 378880K, used 109388K [0x00000000e0000000, 0x00000000f9c80000, 0x0000000100000000)
  eden space 346112K, 22% used [0x00000000e0000000,0x00000000e4c14700,0x00000000f5200000)
  from space 32768K, 96% used [0x00000000f7680000,0x00000000f953eb60,0x00000000f9680000)
  to   space 37376K, 0% used [0x00000000f5200000,0x00000000f5200000,0x00000000f7680000)
 ParOldGen       total 112640K, used 42895K [0x00000000a0000000, 0x00000000a6e00000, 0x00000000e0000000)
  object space 112640K, 38% used [0x00000000a0000000,0x00000000a29e3df0,0x00000000a6e00000)
 Metaspace       used 73924K, capacity 76826K, committed 76888K, reserved 1116160K
  class space    used 9755K, capacity 10349K, committed 10368K, reserved 1048576K
GC Heap History (10 events):
Event: 17,639 GC heap before
{Heap before GC invocations=11 (full 2):
 PSYoungGen      total 256512K, used 111964K [0x00000000e0000000, 0x00000000f3000000, 0x0000000100000000)
  eden space 241664K, 40% used [0x00000000e0000000,0x00000000e5ed82b8,0x00000000eec00000)
  from space 14848K, 99% used [0x00000000f0000000,0x00000000f0e7ef98,0x00000000f0e80000)
  to   space 20480K, 0% used [0x00000000eec00000,0x00000000eec00000,0x00000000f0000000)
 ParOldGen       total 77312K, used 27224K [0x00000000a0000000, 0x00000000a4b80000, 0x00000000e0000000)
  object space 77312K, 35% used [0x00000000a0000000,0x00000000a1a960a0,0x00000000a4b80000)
 Metaspace       used 57468K, capacity 58948K, committed 59028K, reserved 1099776K
  class space    used 7773K, capacity 8155K, committed 8192K, reserved 1048576K
Event: 17,701 GC heap after
Heap after GC invocations=11 (full 2):
 PSYoungGen      total 262144K, used 19533K [0x00000000e0000000, 0x00000000f5780000, 0x0000000100000000)
  eden space 241664K, 0% used [0x00000000e0000000,0x00000000e0000000,0x00000000eec00000)
  from space 20480K, 95% used [0x00000000eec00000,0x00000000eff13648,0x00000000f0000000)
  to   space 23552K, 0% used [0x00000000f4080000,0x00000000f4080000,0x00000000f5780000)
 ParOldGen       total 77312K, used 27296K [0x00000000a0000000, 0x00000000a4b80000, 0x00000000e0000000)
  object space 77312K, 35% used [0x00000000a0000000,0x00000000a1aa80b0,0x00000000a4b80000)
 Metaspace       used 57468K, capacity 58948K, committed 59028K, reserved 1099776K
  class space    used 7773K, capacity 8155K, committed 8192K, reserved 1048576K
}
Event: 17,701 GC heap before
{Heap before GC invocations=12 (full 3):
 PSYoungGen      total 262144K, used 19533K [0x00000000e0000000, 0x00000000f5780000, 0x0000000100000000)
  eden space 241664K, 0% used [0x00000000e0000000,0x00000000e0000000,0x00000000eec00000)
  from space 20480K, 95% used [0x00000000eec00000,0x00000000eff13648,0x00000000f0000000)
  to   space 23552K, 0% used [0x00000000f4080000,0x00000000f4080000,0x00000000f5780000)
 ParOldGen       total 77312K, used 27296K [0x00000000a0000000, 0x00000000a4b80000, 0x00000000e0000000)
  object space 77312K, 35% used [0x00000000a0000000,0x00000000a1aa80b0,0x00000000a4b80000)
 Metaspace       used 57468K, capacity 58948K, committed 59028K, reserved 1099776K
  class space    used 7773K, capacity 8155K, committed 8192K, reserved 1048576K
Event: 18,079 GC heap after
Heap after GC invocations=12 (full 3):
 PSYoungGen      total 262144K, used 0K [0x00000000e0000000, 0x00000000f5780000, 0x0000000100000000)
  eden space 241664K, 0% used [0x00000000e0000000,0x00000000e0000000,0x00000000eec00000)
  from space 20480K, 0% used [0x00000000eec00000,0x00000000eec00000,0x00000000f0000000)
  to   space 23552K, 0% used [0x00000000f4080000,0x00000000f4080000,0x00000000f5780000)
 ParOldGen       total 112640K, used 33780K [0x00000000a0000000, 0x00000000a6e00000, 0x00000000e0000000)
  object space 112640K, 29% used [0x00000000a0000000,0x00000000a20fd370,0x00000000a6e00000)
 Metaspace       used 57468K, capacity 58948K, committed 59028K, reserved 1099776K
  class space    used 7773K, capacity 8155K, committed 8192K, reserved 1048576K
}
Event: 28,815 GC heap before
{Heap before GC invocations=13 (full 3):
 PSYoungGen      total 262144K, used 241664K [0x00000000e0000000, 0x00000000f5780000, 0x0000000100000000)
  eden space 241664K, 100% used [0x00000000e0000000,0x00000000eec00000,0x00000000eec00000)
  from space 20480K, 0% used [0x00000000eec00000,0x00000000eec00000,0x00000000f0000000)
  to   space 23552K, 0% used [0x00000000f4080000,0x00000000f4080000,0x00000000f5780000)
 ParOldGen       total 112640K, used 33780K [0x00000000a0000000, 0x00000000a6e00000, 0x00000000e0000000)
  object space 112640K, 29% used [0x00000000a0000000,0x00000000a20fd370,0x00000000a6e00000)
 Metaspace       used 65808K, capacity 67732K, committed 68056K, reserved 1107968K
  class space    used 8627K, capacity 9091K, committed 9216K, reserved 1048576K
Event: 28,844 GC heap after
Heap after GC invocations=13 (full 3):
 PSYoungGen      total 310272K, used 19539K [0x00000000e0000000, 0x00000000f5400000, 0x0000000100000000)
  eden space 290304K, 0% used [0x00000000e0000000,0x00000000e0000000,0x00000000f1b80000)
  from space 19968K, 97% used [0x00000000f4080000,0x00000000f5394c10,0x00000000f5400000)
  to   space 25600K, 0% used [0x00000000f2200000,0x00000000f2200000,0x00000000f3b00000)
 ParOldGen       total 112640K, used 33788K [0x00000000a0000000, 0x00000000a6e00000, 0x00000000e0000000)
  object space 112640K, 29% used [0x00000000a0000000,0x00000000a20ff370,0x00000000a6e00000)
 Metaspace       used 65808K, capacity 67732K, committed 68056K, reserved 1107968K
  class space    used 8627K, capacity 9091K, committed 9216K, reserved 1048576K
}
Event: 32,790 GC heap before
{Heap before GC invocations=14 (full 3):
 PSYoungGen      total 310272K, used 309843K [0x00000000e0000000, 0x00000000f5400000, 0x0000000100000000)
  eden space 290304K, 100% used [0x00000000e0000000,0x00000000f1b80000,0x00000000f1b80000)
  from space 19968K, 97% used [0x00000000f4080000,0x00000000f5394c10,0x00000000f5400000)
  to   space 25600K, 0% used [0x00000000f2200000,0x00000000f2200000,0x00000000f3b00000)
 ParOldGen       total 112640K, used 33788K [0x00000000a0000000, 0x00000000a6e00000, 0x00000000e0000000)
  object space 112640K, 29% used [0x00000000a0000000,0x00000000a20ff370,0x00000000a6e00000)
 Metaspace       used 69039K, capacity 71072K, committed 71256K, reserved 1112064K
  class space    used 9096K, capacity 9549K, committed 9600K, reserved 1048576K
Event: 32,870 GC heap after
Heap after GC invocations=14 (full 3):
 PSYoungGen      total 322560K, used 25588K [0x00000000e0000000, 0x00000000f9680000, 0x0000000100000000)
  eden space 296960K, 0% used [0x00000000e0000000,0x00000000e0000000,0x00000000f2200000)
  from space 25600K, 99% used [0x00000000f2200000,0x00000000f3afd070,0x00000000f3b00000)
  to   space 32768K, 0% used [0x00000000f7680000,0x00000000f7680000,0x00000000f9680000)
 ParOldGen       total 112640K, used 42887K [0x00000000a0000000, 0x00000000a6e00000, 0x00000000e0000000)
  object space 112640K, 38% used [0x00000000a0000000,0x00000000a29e1df0,0x00000000a6e00000)
 Metaspace       used 69039K, capacity 71072K, committed 71256K, reserved 1112064K
  class space    used 9096K, capacity 9549K, committed 9600K, reserved 1048576K
}
Event: 388,510 GC heap before
{Heap before GC invocations=15 (full 3):
 PSYoungGen      total 322560K, used 322548K [0x00000000e0000000, 0x00000000f9680000, 0x0000000100000000)
  eden space 296960K, 100% used [0x00000000e0000000,0x00000000f2200000,0x00000000f2200000)
  from space 25600K, 99% used [0x00000000f2200000,0x00000000f3afd070,0x00000000f3b00000)
  to   space 32768K, 0% used [0x00000000f7680000,0x00000000f7680000,0x00000000f9680000)
 ParOldGen       total 112640K, used 42887K [0x00000000a0000000, 0x00000000a6e00000, 0x00000000e0000000)
  object space 112640K, 38% used [0x00000000a0000000,0x00000000a29e1df0,0x00000000a6e00000)
 Metaspace       used 72221K, capacity 74828K, committed 75096K, reserved 1114112K
  class space    used 9513K, capacity 10076K, committed 10112K, reserved 1048576K
Event: 388,589 GC heap after
Heap after GC invocations=15 (full 3):
 PSYoungGen      total 378880K, used 31482K [0x00000000e0000000, 0x00000000f9c80000, 0x0000000100000000)
  eden space 346112K, 0% used [0x00000000e0000000,0x00000000e0000000,0x00000000f5200000)
  from space 32768K, 96% used [0x00000000f7680000,0x00000000f953eb60,0x00000000f9680000)
  to   space 37376K, 0% used [0x00000000f5200000,0x00000000f5200000,0x00000000f7680000)
 ParOldGen       total 112640K, used 42895K [0x00000000a0000000, 0x00000000a6e00000, 0x00000000e0000000)
  object space 112640K, 38% used [0x00000000a0000000,0x00000000a29e3df0,0x00000000a6e00000)
 Metaspace       used 72221K, capacity 74828K, committed 75096K, reserved 1114112K
  class space    used 9513K, capacity 10076K, committed 10112K, reserved 1048576K
}

