# JRE version: OpenJDK Runtime Environment (8.0_202) (build 1.8.0_202-release-1483-b49-5587405)
# Java VM: OpenJDK 64-Bit Server VM (25.202-b49-5587405 mixed mode linux-amd64 compressed oops)
Heap:
 PSYoungGen      total 298496K, used 272086K [0x00000000e0000000, 0x00000000f5800000, 0x0000000100000000)
  eden space 254976K, 98% used [0x00000000e0000000,0x00000000ef603330,0x00000000ef900000)
  from space 43520K, 46% used [0x00000000f2200000,0x00000000f35b25b8,0x00000000f4c80000)
  to   space 41984K, 0% used [0x00000000ef900000,0x00000000ef900000,0x00000000f2200000)
 ParOldGen       total 227840K, used 128379K [0x00000000a0000000, 0x00000000ade80000, 0x00000000e0000000)
  object space 227840K, 56% used [0x00000000a0000000,0x00000000a7d5ef60,0x00000000ade80000)
 Metaspace       used 102272K, capacity 108470K, committed 108544K, reserved 1142784K
  class space    used 13164K, capacity 14270K, committed 14336K, reserved 1048576K
GC Heap History (10 events):
Event: 1545,629 GC heap before
{Heap before GC invocations=38 (full 4):
 PSYoungGen      total 315392K, used 315372K [0x00000000e0000000, 0x00000000f7880000, 0x0000000100000000)
  eden space 293376K, 100% used [0x00000000e0000000,0x00000000f1e80000,0x00000000f1e80000)
  from space 22016K, 99% used [0x00000000f2980000,0x00000000f3efb100,0x00000000f3f00000)
  to   space 46080K, 0% used [0x00000000f4b80000,0x00000000f4b80000,0x00000000f7880000)
 ParOldGen       total 227840K, used 127140K [0x00000000a0000000, 0x00000000ade80000, 0x00000000e0000000)
  object space 227840K, 55% used [0x00000000a0000000,0x00000000a7c290c0,0x00000000ade80000)
 Metaspace       used 100757K, capacity 105592K, committed 105856K, reserved 1140736K
  class space    used 12951K, capacity 13877K, committed 13952K, reserved 1048576K
Event: 1545,659 GC heap after
Heap after GC invocations=38 (full 4):
 PSYoungGen      total 314880K, used 15978K [0x00000000e0000000, 0x00000000f6b00000, 0x0000000100000000)
  eden space 282624K, 0% used [0x00000000e0000000,0x00000000e0000000,0x00000000f1400000)
  from space 32256K, 49% used [0x00000000f4b80000,0x00000000f5b1aad0,0x00000000f6b00000)
  to   space 44544K, 0% used [0x00000000f1400000,0x00000000f1400000,0x00000000f3f80000)
 ParOldGen       total 227840K, used 127148K [0x00000000a0000000, 0x00000000ade80000, 0x00000000e0000000)
  object space 227840K, 55% used [0x00000000a0000000,0x00000000a7c2b0c0,0x00000000ade80000)
 Metaspace       used 100757K, capacity 105592K, committed 105856K, reserved 1140736K
  class space    used 12951K, capacity 13877K, committed 13952K, reserved 1048576K
}
Event: 1551,278 GC heap before
{Heap before GC invocations=39 (full 4):
 PSYoungGen      total 314880K, used 298587K [0x00000000e0000000, 0x00000000f6b00000, 0x0000000100000000)
  eden space 282624K, 99% used [0x00000000e0000000,0x00000000f13fc430,0x00000000f1400000)
  from space 32256K, 49% used [0x00000000f4b80000,0x00000000f5b1aad0,0x00000000f6b00000)
  to   space 44544K, 0% used [0x00000000f1400000,0x00000000f1400000,0x00000000f3f80000)
 ParOldGen       total 227840K, used 127148K [0x00000000a0000000, 0x00000000ade80000, 0x00000000e0000000)
  object space 227840K, 55% used [0x00000000a0000000,0x00000000a7c2b0c0,0x00000000ade80000)
 Metaspace       used 100904K, capacity 105694K, committed 105856K, reserved 1140736K
  class space    used 12954K, capacity 13882K, committed 13952K, reserved 1048576K
Event: 1551,333 GC heap after
Heap after GC invocations=39 (full 4):
 PSYoungGen      total 305152K, used 32765K [0x00000000e0000000, 0x00000000f6500000, 0x0000000100000000)
  eden space 272384K, 0% used [0x00000000e0000000,0x00000000e0000000,0x00000000f0a00000)
  from space 32768K, 99% used [0x00000000f1400000,0x00000000f33ff6d8,0x00000000f3400000)
  to   space 46592K, 0% used [0x00000000f3780000,0x00000000f3780000,0x00000000f6500000)
 ParOldGen       total 227840K, used 127156K [0x00000000a0000000, 0x00000000ade80000, 0x00000000e0000000)
  object space 227840K, 55% used [0x00000000a0000000,0x00000000a7c2d0c0,0x00000000ade80000)
 Metaspace       used 100904K, capacity 105694K, committed 105856K, reserved 1140736K
  class space    used 12954K, capacity 13882K, committed 13952K, reserved 1048576K
}
Event: 1647,517 GC heap before
{Heap before GC invocations=40 (full 4):
 PSYoungGen      total 305152K, used 305149K [0x00000000e0000000, 0x00000000f6500000, 0x0000000100000000)
  eden space 272384K, 100% used [0x00000000e0000000,0x00000000f0a00000,0x00000000f0a00000)
  from space 32768K, 99% used [0x00000000f1400000,0x00000000f33ff6d8,0x00000000f3400000)
  to   space 46592K, 0% used [0x00000000f3780000,0x00000000f3780000,0x00000000f6500000)
 ParOldGen       total 227840K, used 127156K [0x00000000a0000000, 0x00000000ade80000, 0x00000000e0000000)
  object space 227840K, 55% used [0x00000000a0000000,0x00000000a7c2d0c0,0x00000000ade80000)
 Metaspace       used 101611K, capacity 107224K, committed 107392K, reserved 1142784K
  class space    used 13074K, capacity 14105K, committed 14208K, reserved 1048576K
Event: 1647,538 GC heap after
Heap after GC invocations=40 (full 4):
 PSYoungGen      total 297472K, used 14945K [0x00000000e0000000, 0x00000000f5980000, 0x0000000100000000)
  eden space 262656K, 0% used [0x00000000e0000000,0x00000000e0000000,0x00000000f0080000)
  from space 34816K, 42% used [0x00000000f3780000,0x00000000f4618520,0x00000000f5980000)
  to   space 45568K, 0% used [0x00000000f0080000,0x00000000f0080000,0x00000000f2d00000)
 ParOldGen       total 227840K, used 127164K [0x00000000a0000000, 0x00000000ade80000, 0x00000000e0000000)
  object space 227840K, 55% used [0x00000000a0000000,0x00000000a7c2f0c0,0x00000000ade80000)
 Metaspace       used 101611K, capacity 107224K, committed 107392K, reserved 1142784K
  class space    used 13074K, capacity 14105K, committed 14208K, reserved 1048576K
}
Event: 1649,616 GC heap before
{Heap before GC invocations=41 (full 4):
 PSYoungGen      total 297472K, used 277601K [0x00000000e0000000, 0x00000000f5980000, 0x0000000100000000)
  eden space 262656K, 100% used [0x00000000e0000000,0x00000000f0080000,0x00000000f0080000)
  from space 34816K, 42% used [0x00000000f3780000,0x00000000f4618520,0x00000000f5980000)
  to   space 45568K, 0% used [0x00000000f0080000,0x00000000f0080000,0x00000000f2d00000)
 ParOldGen       total 227840K, used 127164K [0x00000000a0000000, 0x00000000ade80000, 0x00000000e0000000)
  object space 227840K, 55% used [0x00000000a0000000,0x00000000a7c2f0c0,0x00000000ade80000)
 Metaspace       used 101826K, capacity 107786K, committed 107904K, reserved 1142784K
  class space    used 13119K, capacity 14188K, committed 14208K, reserved 1048576K
Event: 1649,639 GC heap after
Heap after GC invocations=41 (full 4):
 PSYoungGen      total 271872K, used 17920K [0x00000000e0000000, 0x00000000f4c80000, 0x0000000100000000)
  eden space 253440K, 0% used [0x00000000e0000000,0x00000000e0000000,0x00000000ef780000)
  from space 18432K, 97% used [0x00000000f0080000,0x00000000f12003f8,0x00000000f1280000)
  to   space 43520K, 0% used [0x00000000f2200000,0x00000000f2200000,0x00000000f4c80000)
 ParOldGen       total 227840K, used 128347K [0x00000000a0000000, 0x00000000ade80000, 0x00000000e0000000)
  object space 227840K, 56% used [0x00000000a0000000,0x00000000a7d56f60,0x00000000ade80000)
 Metaspace       used 101826K, capacity 107786K, committed 107904K, reserved 1142784K
  class space    used 13119K, capacity 14188K, committed 14208K, reserved 1048576K
}
Event: 1651,271 GC heap before
{Heap before GC invocations=42 (full 4):
 PSYoungGen      total 271872K, used 269484K [0x00000000e0000000, 0x00000000f4c80000, 0x0000000100000000)
  eden space 253440K, 99% used [0x00000000e0000000,0x00000000ef5aae18,0x00000000ef780000)
  from space 18432K, 97% used [0x00000000f0080000,0x00000000f12003f8,0x00000000f1280000)
  to   space 43520K, 0% used [0x00000000f2200000,0x00000000f2200000,0x00000000f4c80000)
 ParOldGen       total 227840K, used 128347K [0x00000000a0000000, 0x00000000ade80000, 0x00000000e0000000)
  object space 227840K, 56% used [0x00000000a0000000,0x00000000a7d56f60,0x00000000ade80000)
 Metaspace       used 102076K, capacity 108258K, committed 108544K, reserved 1142784K
  class space    used 13156K, capacity 14256K, committed 14336K, reserved 1048576K
Event: 1651,298 GC heap after
Heap after GC invocations=42 (full 4):
 PSYoungGen      total 298496K, used 20169K [0x00000000e0000000, 0x00000000f5800000, 0x0000000100000000)
  eden space 254976K, 0% used [0x00000000e0000000,0x00000000e0000000,0x00000000ef900000)
  from space 43520K, 46% used [0x00000000f2200000,0x00000000f35b25b8,0x00000000f4c80000)
  to   space 41984K, 0% used [0x00000000ef900000,0x00000000ef900000,0x00000000f2200000)
 ParOldGen       total 227840K, used 128379K [0x00000000a0000000, 0x00000000ade80000, 0x00000000e0000000)
  object space 227840K, 56% used [0x00000000a0000000,0x00000000a7d5ef60,0x00000000ade80000)
 Metaspace       used 102076K, capacity 108258K, committed 108544K, reserved 1142784K
  class space    used 13156K, capacity 14256K, committed 14336K, reserved 1048576K
}

