# JRE version: OpenJDK Runtime Environment (8.0_152) (build 1.8.0_152-release-1343-b16-5323222)
# Java VM: OpenJDK 64-Bit Server VM (25.152-b16-5323222 mixed mode linux-amd64 compressed oops)
Heap:
 PSYoungGen      total 484352K, used 0K [0x00000000e0000000, 0x0000000100000000, 0x0000000100000000)
  eden space 462336K, 0% used [0x00000000e0000000,0x00000000e0000000,0x00000000fc380000)
  from space 22016K, 0% used [0x00000000fc380000,0x00000000fc380000,0x00000000fd900000)
  to   space 35328K, 0% used [0x00000000fdd80000,0x00000000fdd80000,0x0000000100000000)
 ParOldGen       total 98816K, used 93912K [0x00000000a0000000, 0x00000000a6080000, 0x00000000e0000000)
  object space 98816K, 95% used [0x00000000a0000000,0x00000000a5bb6088,0x00000000a6080000)
 Metaspace       used 82775K, capacity 85206K, committed 86056K, reserved 1124352K
  class space    used 10630K, capacity 11126K, committed 11312K, reserved 1048576K
GC Heap History (10 events):
Event: 3612,365 GC heap after
Heap after GC invocations=18 (full 4):
 PSYoungGen      total 372736K, used 0K [0x00000000e0000000, 0x00000000f8380000, 0x0000000100000000)
  eden space 351744K, 0% used [0x00000000e0000000,0x00000000e0000000,0x00000000f5780000)
  from space 20992K, 0% used [0x00000000f6f00000,0x00000000f6f00000,0x00000000f8380000)
  to   space 22528K, 0% used [0x00000000f5780000,0x00000000f5780000,0x00000000f6d80000)
 ParOldGen       total 98816K, used 39779K [0x00000000a0000000, 0x00000000a6080000, 0x00000000e0000000)
  object space 98816K, 40% used [0x00000000a0000000,0x00000000a26d8c80,0x00000000a6080000)
 Metaspace       used 74603K, capacity 76544K, committed 78632K, reserved 1118208K
  class space    used 9803K, capacity 10172K, committed 10544K, reserved 1048576K
}
Event: 7815,854 GC heap before
{Heap before GC invocations=19 (full 4):
 PSYoungGen      total 372736K, used 351744K [0x00000000e0000000, 0x00000000f8380000, 0x0000000100000000)
  eden space 351744K, 100% used [0x00000000e0000000,0x00000000f5780000,0x00000000f5780000)
  from space 20992K, 0% used [0x00000000f6f00000,0x00000000f6f00000,0x00000000f8380000)
  to   space 22528K, 0% used [0x00000000f5780000,0x00000000f5780000,0x00000000f6d80000)
 ParOldGen       total 98816K, used 39779K [0x00000000a0000000, 0x00000000a6080000, 0x00000000e0000000)
  object space 98816K, 40% used [0x00000000a0000000,0x00000000a26d8c80,0x00000000a6080000)
 Metaspace       used 75826K, capacity 78086K, committed 78888K, reserved 1118208K
  class space    used 9897K, capacity 10391K, committed 10544K, reserved 1048576K
Event: 7815,942 GC heap after
Heap after GC invocations=19 (full 4):
 PSYoungGen      total 374272K, used 14227K [0x00000000e0000000, 0x00000000ff080000, 0x0000000100000000)
  eden space 351744K, 0% used [0x00000000e0000000,0x00000000e0000000,0x00000000f5780000)
  from space 22528K, 63% used [0x00000000f5780000,0x00000000f6564c38,0x00000000f6d80000)
  to   space 23040K, 0% used [0x00000000fda00000,0x00000000fda00000,0x00000000ff080000)
 ParOldGen       total 98816K, used 39787K [0x00000000a0000000, 0x00000000a6080000, 0x00000000e0000000)
  object space 98816K, 40% used [0x00000000a0000000,0x00000000a26dac80,0x00000000a6080000)
 Metaspace       used 75826K, capacity 78086K, committed 78888K, reserved 1118208K
  class space    used 9897K, capacity 10391K, committed 10544K, reserved 1048576K
}
Event: 7820,796 GC heap before
{Heap before GC invocations=20 (full 4):
 PSYoungGen      total 374272K, used 85835K [0x00000000e0000000, 0x00000000ff080000, 0x0000000100000000)
  eden space 351744K, 20% used [0x00000000e0000000,0x00000000e45ee3b0,0x00000000f5780000)
  from space 22528K, 63% used [0x00000000f5780000,0x00000000f6564c38,0x00000000f6d80000)
  to   space 23040K, 0% used [0x00000000fda00000,0x00000000fda00000,0x00000000ff080000)
 ParOldGen       total 98816K, used 39787K [0x00000000a0000000, 0x00000000a6080000, 0x00000000e0000000)
  object space 98816K, 40% used [0x00000000a0000000,0x00000000a26dac80,0x00000000a6080000)
 Metaspace       used 76061K, capacity 78334K, committed 79144K, reserved 1118208K
  class space    used 9907K, capacity 10411K, committed 10544K, reserved 1048576K
Event: 7821,124 GC heap after
Heap after GC invocations=20 (full 4):
 PSYoungGen      total 483328K, used 10130K [0x00000000e0000000, 0x00000000fee80000, 0x0000000100000000)
  eden space 462336K, 0% used [0x00000000e0000000,0x00000000e0000000,0x00000000fc380000)
  from space 20992K, 48% used [0x00000000fda00000,0x00000000fe3e4b18,0x00000000fee80000)
  to   space 22016K, 0% used [0x00000000fc380000,0x00000000fc380000,0x00000000fd900000)
 ParOldGen       total 98816K, used 52611K [0x00000000a0000000, 0x00000000a6080000, 0x00000000e0000000)
  object space 98816K, 53% used [0x00000000a0000000,0x00000000a3360d18,0x00000000a6080000)
 Metaspace       used 76061K, capacity 78334K, committed 79144K, reserved 1118208K
  class space    used 9907K, capacity 10411K, committed 10544K, reserved 1048576K
}
Event: 7821,269 GC heap before
{Heap before GC invocations=21 (full 5):
 PSYoungGen      total 483328K, used 10130K [0x00000000e0000000, 0x00000000fee80000, 0x0000000100000000)
  eden space 462336K, 0% used [0x00000000e0000000,0x00000000e0000000,0x00000000fc380000)
  from space 20992K, 48% used [0x00000000fda00000,0x00000000fe3e4b18,0x00000000fee80000)
  to   space 22016K, 0% used [0x00000000fc380000,0x00000000fc380000,0x00000000fd900000)
 ParOldGen       total 98816K, used 52611K [0x00000000a0000000, 0x00000000a6080000, 0x00000000e0000000)
  object space 98816K, 53% used [0x00000000a0000000,0x00000000a3360d18,0x00000000a6080000)
 Metaspace       used 76061K, capacity 78334K, committed 79144K, reserved 1118208K
  class space    used 9907K, capacity 10411K, committed 10544K, reserved 1048576K
Event: 7822,221 GC heap after
Heap after GC invocations=21 (full 5):
 PSYoungGen      total 483328K, used 0K [0x00000000e0000000, 0x00000000fee80000, 0x0000000100000000)
  eden space 462336K, 0% used [0x00000000e0000000,0x00000000e0000000,0x00000000fc380000)
  from space 20992K, 0% used [0x00000000fda00000,0x00000000fda00000,0x00000000fee80000)
  to   space 22016K, 0% used [0x00000000fc380000,0x00000000fc380000,0x00000000fd900000)
 ParOldGen       total 98816K, used 54472K [0x00000000a0000000, 0x00000000a6080000, 0x00000000e0000000)
  object space 98816K, 55% used [0x00000000a0000000,0x00000000a3532378,0x00000000a6080000)
 Metaspace       used 75833K, capacity 77946K, committed 79144K, reserved 1118208K
  class space    used 9868K, capacity 10339K, committed 10544K, reserved 1048576K
}
Event: 7871,462 GC heap before
{Heap before GC invocations=22 (full 5):
 PSYoungGen      total 483328K, used 462336K [0x00000000e0000000, 0x00000000fee80000, 0x0000000100000000)
  eden space 462336K, 100% used [0x00000000e0000000,0x00000000fc380000,0x00000000fc380000)
  from space 20992K, 0% used [0x00000000fda00000,0x00000000fda00000,0x00000000fee80000)
  to   space 22016K, 0% used [0x00000000fc380000,0x00000000fc380000,0x00000000fd900000)
 ParOldGen       total 98816K, used 54472K [0x00000000a0000000, 0x00000000a6080000, 0x00000000e0000000)
  object space 98816K, 55% used [0x00000000a0000000,0x00000000a3532378,0x00000000a6080000)
 Metaspace       used 82775K, capacity 85206K, committed 86056K, reserved 1124352K
  class space    used 10630K, capacity 11126K, committed 11312K, reserved 1048576K
Event: 7871,907 GC heap after
Heap after GC invocations=22 (full 5):
 PSYoungGen      total 484352K, used 22005K [0x00000000e0000000, 0x0000000100000000, 0x0000000100000000)
  eden space 462336K, 0% used [0x00000000e0000000,0x00000000e0000000,0x00000000fc380000)
  from space 22016K, 99% used [0x00000000fc380000,0x00000000fd8fd4b0,0x00000000fd900000)
  to   space 35328K, 0% used [0x00000000fdd80000,0x00000000fdd80000,0x0000000100000000)
 ParOldGen       total 98816K, used 81954K [0x00000000a0000000, 0x00000000a6080000, 0x00000000e0000000)
  object space 98816K, 82% used [0x00000000a0000000,0x00000000a5008990,0x00000000a6080000)
 Metaspace       used 82775K, capacity 85206K, committed 86056K, reserved 1124352K
  class space    used 10630K, capacity 11126K, committed 11312K, reserved 1048576K
}
Event: 7871,920 GC heap before
{Heap before GC invocations=23 (full 6):
 PSYoungGen      total 484352K, used 22005K [0x00000000e0000000, 0x0000000100000000, 0x0000000100000000)
  eden space 462336K, 0% used [0x00000000e0000000,0x00000000e0000000,0x00000000fc380000)
  from space 22016K, 99% used [0x00000000fc380000,0x00000000fd8fd4b0,0x00000000fd900000)
  to   space 35328K, 0% used [0x00000000fdd80000,0x00000000fdd80000,0x0000000100000000)
 ParOldGen       total 98816K, used 81954K [0x00000000a0000000, 0x00000000a6080000, 0x00000000e0000000)
  object space 98816K, 82% used [0x00000000a0000000,0x00000000a5008990,0x00000000a6080000)
 Metaspace       used 82775K, capacity 85206K, committed 86056K, reserved 1124352K
  class space    used 10630K, capacity 11126K, committed 11312K, reserved 1048576K

