# JRE version: OpenJDK Runtime Environment (8.0_202) (build 1.8.0_202-release-1483-b49-5587405)
# Java VM: OpenJDK 64-Bit Server VM (25.202-b49-5587405 mixed mode linux-amd64 compressed oops)
Heap:
 PSYoungGen      total 281088K, used 0K [0x00000000e0000000, 0x00000000fbe00000, 0x0000000100000000)
  eden space 217600K, 0% used [0x00000000e0000000,0x00000000e0000000,0x00000000ed480000)
  from space 63488K, 0% used [0x00000000ed480000,0x00000000ed480000,0x00000000f1280000)
  to   space 92672K, 0% used [0x00000000f6380000,0x00000000f6380000,0x00000000fbe00000)
 ParOldGen       total 241152K, used 223218K [0x00000000a0000000, 0x00000000aeb80000, 0x00000000e0000000)
  object space 241152K, 92% used [0x00000000a0000000,0x00000000ad9fc898,0x00000000aeb80000)
 Metaspace       used 86835K, capacity 90156K, committed 90456K, reserved 1128448K
  class space    used 11680K, capacity 12379K, committed 12416K, reserved 1048576K
GC Heap History (10 events):
Event: 48,919 GC heap after
Heap after GC invocations=22 (full 3):
 PSYoungGen      total 238080K, used 36863K [0x00000000e0000000, 0x00000000f4400000, 0x0000000100000000)
  eden space 201216K, 0% used [0x00000000e0000000,0x00000000e0000000,0x00000000ec480000)
  from space 36864K, 99% used [0x00000000ec480000,0x00000000ee87ff48,0x00000000ee880000)
  to   space 50688K, 0% used [0x00000000f1280000,0x00000000f1280000,0x00000000f4400000)
 ParOldGen       total 117760K, used 108862K [0x00000000a0000000, 0x00000000a7300000, 0x00000000e0000000)
  object space 117760K, 92% used [0x00000000a0000000,0x00000000a6a4fb08,0x00000000a7300000)
 Metaspace       used 79642K, capacity 82294K, committed 82520K, reserved 1120256K
  class space    used 10714K, capacity 11304K, committed 11392K, reserved 1048576K
}
Event: 48,919 GC heap before
{Heap before GC invocations=23 (full 4):
 PSYoungGen      total 238080K, used 36863K [0x00000000e0000000, 0x00000000f4400000, 0x0000000100000000)
  eden space 201216K, 0% used [0x00000000e0000000,0x00000000e0000000,0x00000000ec480000)
  from space 36864K, 99% used [0x00000000ec480000,0x00000000ee87ff48,0x00000000ee880000)
  to   space 50688K, 0% used [0x00000000f1280000,0x00000000f1280000,0x00000000f4400000)
 ParOldGen       total 117760K, used 108862K [0x00000000a0000000, 0x00000000a7300000, 0x00000000e0000000)
  object space 117760K, 92% used [0x00000000a0000000,0x00000000a6a4fb08,0x00000000a7300000)
 Metaspace       used 79642K, capacity 82294K, committed 82520K, reserved 1120256K
  class space    used 10714K, capacity 11304K, committed 11392K, reserved 1048576K
Event: 49,271 GC heap after
Heap after GC invocations=23 (full 4):
 PSYoungGen      total 238080K, used 0K [0x00000000e0000000, 0x00000000f4400000, 0x0000000100000000)
  eden space 201216K, 0% used [0x00000000e0000000,0x00000000e0000000,0x00000000ec480000)
  from space 36864K, 0% used [0x00000000ec480000,0x00000000ec480000,0x00000000ee880000)
  to   space 50688K, 0% used [0x00000000f1280000,0x00000000f1280000,0x00000000f4400000)
 ParOldGen       total 236032K, used 117568K [0x00000000a0000000, 0x00000000ae680000, 0x00000000e0000000)
  object space 236032K, 49% used [0x00000000a0000000,0x00000000a72d0268,0x00000000ae680000)
 Metaspace       used 79606K, capacity 82194K, committed 82520K, reserved 1120256K
  class space    used 10704K, capacity 11286K, committed 11392K, reserved 1048576K
}
Event: 50,468 GC heap before
{Heap before GC invocations=24 (full 4):
 PSYoungGen      total 238080K, used 201216K [0x00000000e0000000, 0x00000000f4400000, 0x0000000100000000)
  eden space 201216K, 100% used [0x00000000e0000000,0x00000000ec480000,0x00000000ec480000)
  from space 36864K, 0% used [0x00000000ec480000,0x00000000ec480000,0x00000000ee880000)
  to   space 50688K, 0% used [0x00000000f1280000,0x00000000f1280000,0x00000000f4400000)
 ParOldGen       total 236032K, used 117568K [0x00000000a0000000, 0x00000000ae680000, 0x00000000e0000000)
  object space 236032K, 49% used [0x00000000a0000000,0x00000000a72d0268,0x00000000ae680000)
 Metaspace       used 84105K, capacity 86978K, committed 87128K, reserved 1124352K
  class space    used 11446K, capacity 12084K, committed 12160K, reserved 1048576K
Event: 50,571 GC heap after
Heap after GC invocations=24 (full 4):
 PSYoungGen      total 268288K, used 50669K [0x00000000e0000000, 0x00000000f6b00000, 0x0000000100000000)
  eden space 217600K, 0% used [0x00000000e0000000,0x00000000e0000000,0x00000000ed480000)
  from space 50688K, 99% used [0x00000000f1280000,0x00000000f43fb418,0x00000000f4400000)
  to   space 63488K, 0% used [0x00000000ed480000,0x00000000ed480000,0x00000000f1280000)
 ParOldGen       total 236032K, used 129819K [0x00000000a0000000, 0x00000000ae680000, 0x00000000e0000000)
  object space 236032K, 55% used [0x00000000a0000000,0x00000000a7ec6d58,0x00000000ae680000)
 Metaspace       used 84105K, capacity 86978K, committed 87128K, reserved 1124352K
  class space    used 11446K, capacity 12084K, committed 12160K, reserved 1048576K
}
Event: 52,646 GC heap before
{Heap before GC invocations=25 (full 4):
 PSYoungGen      total 268288K, used 268269K [0x00000000e0000000, 0x00000000f6b00000, 0x0000000100000000)
  eden space 217600K, 100% used [0x00000000e0000000,0x00000000ed480000,0x00000000ed480000)
  from space 50688K, 99% used [0x00000000f1280000,0x00000000f43fb418,0x00000000f4400000)
  to   space 63488K, 0% used [0x00000000ed480000,0x00000000ed480000,0x00000000f1280000)
 ParOldGen       total 236032K, used 129819K [0x00000000a0000000, 0x00000000ae680000, 0x00000000e0000000)
  object space 236032K, 55% used [0x00000000a0000000,0x00000000a7ec6d58,0x00000000ae680000)
 Metaspace       used 86498K, capacity 89806K, committed 89944K, reserved 1126400K
  class space    used 11689K, capacity 12400K, committed 12416K, reserved 1048576K
Event: 52,798 GC heap after
Heap after GC invocations=25 (full 4):
 PSYoungGen      total 281088K, used 63486K [0x00000000e0000000, 0x00000000fbe00000, 0x0000000100000000)
  eden space 217600K, 0% used [0x00000000e0000000,0x00000000e0000000,0x00000000ed480000)
  from space 63488K, 99% used [0x00000000ed480000,0x00000000f127fb80,0x00000000f1280000)
  to   space 92672K, 0% used [0x00000000f6380000,0x00000000f6380000,0x00000000fbe00000)
 ParOldGen       total 236032K, used 179668K [0x00000000a0000000, 0x00000000ae680000, 0x00000000e0000000)
  object space 236032K, 76% used [0x00000000a0000000,0x00000000aaf75000,0x00000000ae680000)
 Metaspace       used 86498K, capacity 89806K, committed 89944K, reserved 1126400K
  class space    used 11689K, capacity 12400K, committed 12416K, reserved 1048576K
}
Event: 53,830 GC heap before
{Heap before GC invocations=26 (full 4):
 PSYoungGen      total 281088K, used 281086K [0x00000000e0000000, 0x00000000fbe00000, 0x0000000100000000)
  eden space 217600K, 100% used [0x00000000e0000000,0x00000000ed480000,0x00000000ed480000)
  from space 63488K, 99% used [0x00000000ed480000,0x00000000f127fb80,0x00000000f1280000)
  to   space 92672K, 0% used [0x00000000f6380000,0x00000000f6380000,0x00000000fbe00000)
 ParOldGen       total 236032K, used 179668K [0x00000000a0000000, 0x00000000ae680000, 0x00000000e0000000)
  object space 236032K, 76% used [0x00000000a0000000,0x00000000aaf75000,0x00000000ae680000)
 Metaspace       used 86875K, capacity 90252K, committed 90456K, reserved 1128448K
  class space    used 11694K, capacity 12403K, committed 12416K, reserved 1048576K
Event: 54,047 GC heap after
Heap after GC invocations=26 (full 4):
 PSYoungGen      total 281088K, used 281086K [0x00000000e0000000, 0x00000000fbe00000, 0x0000000100000000)
  eden space 217600K, 100% used [0x00000000e0000000,0x00000000ed480000,0x00000000ed480000)
  from space 63488K, 99% used [0x00000000ed480000,0x00000000f127fb80,0x00000000f1280000)
  to   space 92672K, 19% used [0x00000000f6380000,0x00000000f7574920,0x00000000fbe00000)
 ParOldGen       total 241152K, used 240600K [0x00000000a0000000, 0x00000000aeb80000, 0x00000000e0000000)
  object space 241152K, 99% used [0x00000000a0000000,0x00000000aeaf6260,0x00000000aeb80000)
 Metaspace       used 86875K, capacity 90252K, committed 90456K, reserved 1128448K
  class space    used 11694K, capacity 12403K, committed 12416K, reserved 1048576K
}
Event: 54,057 GC heap before
{Heap before GC invocations=27 (full 5):
 PSYoungGen      total 281088K, used 281086K [0x00000000e0000000, 0x00000000fbe00000, 0x0000000100000000)
  eden space 217600K, 100% used [0x00000000e0000000,0x00000000ed480000,0x00000000ed480000)
  from space 63488K, 99% used [0x00000000ed480000,0x00000000f127fb80,0x00000000f1280000)
  to   space 92672K, 19% used [0x00000000f6380000,0x00000000f7574920,0x00000000fbe00000)
 ParOldGen       total 241152K, used 240600K [0x00000000a0000000, 0x00000000aeb80000, 0x00000000e0000000)
  object space 241152K, 99% used [0x00000000a0000000,0x00000000aeaf6260,0x00000000aeb80000)
 Metaspace       used 86875K, capacity 90252K, committed 90456K, reserved 1128448K
  class space    used 11694K, capacity 12403K, committed 12416K, reserved 1048576K

