# JRE version: OpenJDK Runtime Environment (8.0_202) (build 1.8.0_202-release-1483-b49-5587405)
# Java VM: OpenJDK 64-Bit Server VM (25.202-b49-5587405 mixed mode linux-amd64 compressed oops)
Heap:
 PSYoungGen      total 230912K, used 1512K [0x00000000e0000000, 0x00000000f3b00000, 0x0000000100000000)
  eden space 190464K, 0% used [0x00000000e0000000,0x00000000e0000000,0x00000000eba00000)
  from space 40448K, 3% used [0x00000000ef200000,0x00000000ef37a3c0,0x00000000f1980000)
  to   space 57344K, 0% used [0x00000000eba00000,0x00000000eba00000,0x00000000ef200000)
 ParOldGen       total 113664K, used 113308K [0x00000000a0000000, 0x00000000a6f00000, 0x00000000e0000000)
  object space 113664K, 99% used [0x00000000a0000000,0x00000000a6ea73b0,0x00000000a6f00000)
 Metaspace       used 77084K, capacity 79851K, committed 80152K, reserved 1118208K
  class space    used 10434K, capacity 11012K, committed 11048K, reserved 1048576K
GC Heap History (10 events):
Event: 14,661 GC heap after
Heap after GC invocations=17 (full 3):
 PSYoungGen      total 164352K, used 12481K [0x00000000e0000000, 0x00000000eb900000, 0x0000000100000000)
  eden space 151552K, 0% used [0x00000000e0000000,0x00000000e0000000,0x00000000e9400000)
  from space 12800K, 97% used [0x00000000eac80000,0x00000000eb8b05c0,0x00000000eb900000)
  to   space 15360K, 0% used [0x00000000e9b00000,0x00000000e9b00000,0x00000000eaa00000)
 ParOldGen       total 113664K, used 32921K [0x00000000a0000000, 0x00000000a6f00000, 0x00000000e0000000)
  object space 113664K, 28% used [0x00000000a0000000,0x00000000a2026468,0x00000000a6f00000)
 Metaspace       used 62544K, capacity 64493K, committed 64664K, reserved 1105920K
  class space    used 8385K, capacity 8848K, committed 8872K, reserved 1048576K
}
Event: 16,900 GC heap before
{Heap before GC invocations=18 (full 3):
 PSYoungGen      total 164352K, used 164033K [0x00000000e0000000, 0x00000000eb900000, 0x0000000100000000)
  eden space 151552K, 100% used [0x00000000e0000000,0x00000000e9400000,0x00000000e9400000)
  from space 12800K, 97% used [0x00000000eac80000,0x00000000eb8b05c0,0x00000000eb900000)
  to   space 15360K, 0% used [0x00000000e9b00000,0x00000000e9b00000,0x00000000eaa00000)
 ParOldGen       total 113664K, used 32921K [0x00000000a0000000, 0x00000000a6f00000, 0x00000000e0000000)
  object space 113664K, 28% used [0x00000000a0000000,0x00000000a2026468,0x00000000a6f00000)
 Metaspace       used 65602K, capacity 67607K, committed 67736K, reserved 1107968K
  class space    used 8808K, capacity 9274K, committed 9384K, reserved 1048576K
Event: 16,942 GC heap after
Heap after GC invocations=18 (full 3):
 PSYoungGen      total 174080K, used 15346K [0x00000000e0000000, 0x00000000ed980000, 0x0000000100000000)
  eden space 158720K, 0% used [0x00000000e0000000,0x00000000e0000000,0x00000000e9b00000)
  from space 15360K, 99% used [0x00000000e9b00000,0x00000000ea9fc940,0x00000000eaa00000)
  to   space 22016K, 0% used [0x00000000ec400000,0x00000000ec400000,0x00000000ed980000)
 ParOldGen       total 113664K, used 46298K [0x00000000a0000000, 0x00000000a6f00000, 0x00000000e0000000)
  object space 113664K, 40% used [0x00000000a0000000,0x00000000a2d36a90,0x00000000a6f00000)
 Metaspace       used 65602K, capacity 67607K, committed 67736K, reserved 1107968K
  class space    used 8808K, capacity 9274K, committed 9384K, reserved 1048576K
}
Event: 23,301 GC heap before
{Heap before GC invocations=19 (full 3):
 PSYoungGen      total 174080K, used 174066K [0x00000000e0000000, 0x00000000ed980000, 0x0000000100000000)
  eden space 158720K, 100% used [0x00000000e0000000,0x00000000e9b00000,0x00000000e9b00000)
  from space 15360K, 99% used [0x00000000e9b00000,0x00000000ea9fc940,0x00000000eaa00000)
  to   space 22016K, 0% used [0x00000000ec400000,0x00000000ec400000,0x00000000ed980000)
 ParOldGen       total 113664K, used 46309K [0x00000000a0000000, 0x00000000a6f00000, 0x00000000e0000000)
  object space 113664K, 40% used [0x00000000a0000000,0x00000000a2d39568,0x00000000a6f00000)
 Metaspace       used 69012K, capacity 71217K, committed 71448K, reserved 1112064K
  class space    used 9296K, capacity 9759K, committed 9768K, reserved 1048576K
Event: 23,347 GC heap after
Heap after GC invocations=19 (full 3):
 PSYoungGen      total 194560K, used 22001K [0x00000000e0000000, 0x00000000eeb00000, 0x0000000100000000)
  eden space 172544K, 0% used [0x00000000e0000000,0x00000000e0000000,0x00000000ea880000)
  from space 22016K, 99% used [0x00000000ec400000,0x00000000ed97c7a0,0x00000000ed980000)
  to   space 28160K, 0% used [0x00000000ea880000,0x00000000ea880000,0x00000000ec400000)
 ParOldGen       total 113664K, used 53245K [0x00000000a0000000, 0x00000000a6f00000, 0x00000000e0000000)
  object space 113664K, 46% used [0x00000000a0000000,0x00000000a33ff4c8,0x00000000a6f00000)
 Metaspace       used 69012K, capacity 71217K, committed 71448K, reserved 1112064K
  class space    used 9296K, capacity 9759K, committed 9768K, reserved 1048576K
}
Event: 24,024 GC heap before
{Heap before GC invocations=20 (full 3):
 PSYoungGen      total 194560K, used 194545K [0x00000000e0000000, 0x00000000eeb00000, 0x0000000100000000)
  eden space 172544K, 100% used [0x00000000e0000000,0x00000000ea880000,0x00000000ea880000)
  from space 22016K, 99% used [0x00000000ec400000,0x00000000ed97c7a0,0x00000000ed980000)
  to   space 28160K, 0% used [0x00000000ea880000,0x00000000ea880000,0x00000000ec400000)
 ParOldGen       total 113664K, used 53251K [0x00000000a0000000, 0x00000000a6f00000, 0x00000000e0000000)
  object space 113664K, 46% used [0x00000000a0000000,0x00000000a3400d90,0x00000000a6f00000)
 Metaspace       used 69341K, capacity 71603K, committed 71832K, reserved 1112064K
  class space    used 9342K, capacity 9866K, committed 9896K, reserved 1048576K
Event: 24,101 GC heap after
Heap after GC invocations=20 (full 3):
 PSYoungGen      total 200704K, used 28130K [0x00000000e0000000, 0x00000000f1980000, 0x0000000100000000)
  eden space 172544K, 0% used [0x00000000e0000000,0x00000000e0000000,0x00000000ea880000)
  from space 28160K, 99% used [0x00000000ea880000,0x00000000ec3f8928,0x00000000ec400000)
  to   space 40448K, 0% used [0x00000000ef200000,0x00000000ef200000,0x00000000f1980000)
 ParOldGen       total 113664K, used 74383K [0x00000000a0000000, 0x00000000a6f00000, 0x00000000e0000000)
  object space 113664K, 65% used [0x00000000a0000000,0x00000000a48a3e80,0x00000000a6f00000)
 Metaspace       used 69341K, capacity 71603K, committed 71832K, reserved 1112064K
  class space    used 9342K, capacity 9866K, committed 9896K, reserved 1048576K
}
Event: 26,170 GC heap before
{Heap before GC invocations=21 (full 3):
 PSYoungGen      total 200704K, used 200674K [0x00000000e0000000, 0x00000000f1980000, 0x0000000100000000)
  eden space 172544K, 100% used [0x00000000e0000000,0x00000000ea880000,0x00000000ea880000)
  from space 28160K, 99% used [0x00000000ea880000,0x00000000ec3f8928,0x00000000ec400000)
  to   space 40448K, 0% used [0x00000000ef200000,0x00000000ef200000,0x00000000f1980000)
 ParOldGen       total 113664K, used 74383K [0x00000000a0000000, 0x00000000a6f00000, 0x00000000e0000000)
  object space 113664K, 65% used [0x00000000a0000000,0x00000000a48a3e80,0x00000000a6f00000)
 Metaspace       used 77138K, capacity 80009K, committed 80152K, reserved 1118208K
  class space    used 10452K, capacity 11043K, committed 11048K, reserved 1048576K
Event: 26,255 GC heap after
Heap after GC invocations=21 (full 3):
 PSYoungGen      total 230912K, used 40427K [0x00000000e0000000, 0x00000000f3b00000, 0x0000000100000000)
  eden space 190464K, 0% used [0x00000000e0000000,0x00000000e0000000,0x00000000eba00000)
  from space 40448K, 99% used [0x00000000ef200000,0x00000000f197ac28,0x00000000f1980000)
  to   space 57344K, 0% used [0x00000000eba00000,0x00000000eba00000,0x00000000ef200000)
 ParOldGen       total 113664K, used 102017K [0x00000000a0000000, 0x00000000a6f00000, 0x00000000e0000000)
  object space 113664K, 89% used [0x00000000a0000000,0x00000000a63a0798,0x00000000a6f00000)
 Metaspace       used 77138K, capacity 80009K, committed 80152K, reserved 1118208K
  class space    used 10452K, capacity 11043K, committed 11048K, reserved 1048576K
}
Event: 26,280 GC heap before
{Heap before GC invocations=22 (full 4):
 PSYoungGen      total 230912K, used 40427K [0x00000000e0000000, 0x00000000f3b00000, 0x0000000100000000)
  eden space 190464K, 0% used [0x00000000e0000000,0x00000000e0000000,0x00000000eba00000)
  from space 40448K, 99% used [0x00000000ef200000,0x00000000f197ac28,0x00000000f1980000)
  to   space 57344K, 0% used [0x00000000eba00000,0x00000000eba00000,0x00000000ef200000)
 ParOldGen       total 113664K, used 102017K [0x00000000a0000000, 0x00000000a6f00000, 0x00000000e0000000)
  object space 113664K, 89% used [0x00000000a0000000,0x00000000a63a0798,0x00000000a6f00000)
 Metaspace       used 77138K, capacity 80009K, committed 80152K, reserved 1118208K
  class space    used 10452K, capacity 11043K, committed 11048K, reserved 1048576K

